<?xml version="1.0" encoding="UTF-8"?>
<!-- Generated by org.testng.reporters.JUnitReportReporter -->
<testsuite hostname="DESKTOP-T23BMQK" failures="0" tests="1" name="asn.tests.ErrorValidationsTest" time="6.927" errors="0" timestamp="2024-03-18T10:37:51 IST" skipped="0">
  <testcase classname="asn.tests.ErrorValidationsTest" name="submitOrderTest" time="6.927"/>
</testsuite> <!-- asn.tests.ErrorValidationsTest -->
