<?xml version="1.0" encoding="UTF-8"?>
<!-- Generated by org.testng.reporters.JUnitReportReporter -->
<testsuite hostname="DESKTOP-T23BMQK" failures="0" tests="3" name="asn.tests.SubmitOrderTest" time="38.805" errors="0" timestamp="2024-03-18T10:37:51 IST" skipped="0">
  <testcase classname="asn.tests.SubmitOrderTest" name="submitOrderTest" time="17.747"/>
  <testcase classname="asn.tests.SubmitOrderTest" name="submitOrderTest" time="16.320"/>
  <testcase classname="asn.tests.SubmitOrderTest" name="orderHistoryTest" time="4.738"/>
</testsuite> <!-- asn.tests.SubmitOrderTest -->
