<?xml version="1.0" encoding="UTF-8"?>
<!-- Generated by org.testng.reporters.JUnitReportReporter -->
<testsuite hostname="DESKTOP-T23BMQK" failures="0" tests="1" name="asn.tests.ErrorValidations" time="5.955" errors="0" timestamp="2024-03-10T17:17:18 IST" skipped="0">
  <testcase classname="asn.tests.ErrorValidations" name="submitOrderTest" time="5.955"/>
</testsuite> <!-- asn.tests.ErrorValidations -->
