<?xml version="1.0" encoding="UTF-8"?>
<!-- Generated by org.testng.reporters.JUnitReportReporter -->
<testsuite hostname="DESKTOP-T23BMQK" failures="0" tests="5" name="asn.Locators" time="1.467" errors="0" timestamp="2024-03-02T16:32:51 IST" skipped="0">
  <testcase classname="asn.Locators" name="testByCssSelectorAdvances" time="0.132"/>
  <testcase classname="asn.Locators" name="testByHTMLAttributes" time="0.174"/>
  <testcase classname="asn.Locators" name="testByCssSelector" time="0.743"/>
  <testcase classname="asn.Locators" name="testByLinkText" time="0.302"/>
  <testcase classname="asn.Locators" name="testByTagName" time="0.116"/>
</testsuite> <!-- asn.Locators -->
