<?xml version="1.0" encoding="UTF-8"?>
<!-- Generated by org.testng.reporters.JUnitReportReporter -->
<testsuite hostname="DESKTOP-T23BMQK" failures="0" tests="3" name="asn.WebDriverBuilderTest" time="0.944" errors="0" timestamp="2024-03-02T13:48:23 IST" skipped="0">
  <testcase classname="asn.WebDriverBuilderTest" name="testByTagName" time="0.308"/>
  <testcase classname="asn.WebDriverBuilderTest" name="testBasicMethods" time="0.602"/>
  <testcase classname="asn.WebDriverBuilderTest" name="testSessionId" time="0.034"/>
</testsuite> <!-- asn.WebDriverBuilderTest -->
