<?xml version="1.0" encoding="UTF-8"?>
<!-- Generated by org.testng.reporters.JUnitReportReporter -->
<testsuite hostname="DESKTOP-T23BMQK" failures="0" tests="1" name="asn.Report.ExtentReport" time="4.787" errors="0" timestamp="2024-03-13T16:05:48 IST" skipped="0">
  <testcase classname="asn.Report.ExtentReport" name="initializeDemo" time="4.787"/>
</testsuite> <!-- asn.Report.ExtentReport -->
